<?xml version="1.0" encoding="UTF-8"?>
<robot generator="Robot 3.2.2 (Python 3.8.1 on win32)" generated="20210131 12:14:04.384" rpa="false">
<suite id="s1" name="Basicsearch" source="E:\RobotFramework\my_first_project\Test\ebay\basicsearch.robot">
<test id="s1-t1" name="Input search text and click search with python webelemets">
<kw name="Start test case" library="common.functionality" type="setup">
<kw name="Open Browser" library="SeleniumLibrary">
<doc>Opens a new browser instance to the optional ``url``.</doc>
<arguments>
<arg>${url_dictionary.uat}</arg>
<arg>${browser.${milestone}}</arg>
</arguments>
<msg timestamp="20210131 12:14:04.690" level="INFO">Opening browser 'chrome' to base url 'https://ebay.com'.</msg>
<status status="PASS" starttime="20210131 12:14:04.689" endtime="20210131 12:14:08.928"></status>
</kw>
<kw name="Maximize Browser Window" library="SeleniumLibrary">
<doc>Maximizes current browser window.</doc>
<status status="PASS" starttime="20210131 12:14:08.928" endtime="20210131 12:14:09.093"></status>
</kw>
<kw name="Sleep" library="BuiltIn">
<doc>Pauses the test executed for the given time.</doc>
<arguments>
<arg>${sleep_time}</arg>
</arguments>
<msg timestamp="20210131 12:14:10.094" level="INFO">Slept 1 second</msg>
<status status="PASS" starttime="20210131 12:14:09.093" endtime="20210131 12:14:10.094"></status>
</kw>
<status status="PASS" starttime="20210131 12:14:04.689" endtime="20210131 12:14:10.094"></status>
</kw>
<kw name="Input search text and click search with python webelemets" library="HeaderPage">
<kw name="Input Text" library="SeleniumLibrary">
<doc>Types the given ``text`` into the text field identified by ``locator``.</doc>
<arguments>
<arg>${HeaderPageInputTextBox}</arg>
<arg>${search_text_dictionary.bcd}</arg>
</arguments>
<msg timestamp="20210131 12:14:10.095" level="INFO">Typing text 'mobile' into text field 'xpath://*[@id="gh-ac"]'.</msg>
<status status="PASS" starttime="20210131 12:14:10.095" endtime="20210131 12:14:10.303"></status>
</kw>
<kw name="Sleep" library="BuiltIn">
<doc>Pauses the test executed for the given time.</doc>
<arguments>
<arg>1s</arg>
</arguments>
<msg timestamp="20210131 12:14:11.304" level="INFO">Slept 1 second</msg>
<status status="PASS" starttime="20210131 12:14:10.303" endtime="20210131 12:14:11.305"></status>
</kw>
<kw name="Press Keys" library="SeleniumLibrary">
<doc>Simulates the user pressing key(s) to an element or on the active browser.</doc>
<arguments>
<arg>${HeaderPageSearchButton}</arg>
<arg>[Return]</arg>
</arguments>
<msg timestamp="20210131 12:14:11.307" level="INFO">Sending key(s) ('[Return]',) to xpath://*[@id="gh-btn"] element.</msg>
<msg timestamp="20210131 12:14:14.342" level="INFO">Sending keys [Return]</msg>
<status status="PASS" starttime="20210131 12:14:11.305" endtime="20210131 12:14:14.375"></status>
</kw>
<status status="PASS" starttime="20210131 12:14:10.094" endtime="20210131 12:14:14.375"></status>
</kw>
<kw name="Verify Search Results" library="SearchResultPage">
<kw name="Page Should Contain" library="SeleniumLibrary">
<doc>Verifies that current page contains ``text``.</doc>
<arguments>
<arg>${search_result} ${search_text}</arg>
</arguments>
<msg timestamp="20210131 12:14:14.441" level="INFO">Current page contains text 'results for mobile'.</msg>
<status status="PASS" starttime="20210131 12:14:14.375" endtime="20210131 12:14:14.441"></status>
</kw>
<kw name="Capture Element Screenshot" library="SeleniumLibrary">
<doc>Captures a screenshot from the element identified by ``locator`` and embeds it into log file.</doc>
<arguments>
<arg>//h1[text()=' results for ']</arg>
<arg>filename=_searchResultPicture{index}.png</arg>
</arguments>
<msg timestamp="20210131 12:14:14.929" level="INFO" html="yes">&lt;/td&gt;&lt;/tr&gt;&lt;tr&gt;&lt;td colspan="3"&gt;&lt;a href="_searchResultPicture1.png"&gt;&lt;img src="_searchResultPicture1.png" width="400px"&gt;&lt;/a&gt;</msg>
<status status="PASS" starttime="20210131 12:14:14.442" endtime="20210131 12:14:14.929"></status>
</kw>
<status status="PASS" starttime="20210131 12:14:14.375" endtime="20210131 12:14:14.929"></status>
</kw>
<kw name="End test case" library="common.functionality" type="teardown">
<kw name="Close Browser" library="SeleniumLibrary">
<doc>Closes the current browser.</doc>
<status status="PASS" starttime="20210131 12:14:14.930" endtime="20210131 12:14:17.157"></status>
</kw>
<status status="PASS" starttime="20210131 12:14:14.929" endtime="20210131 12:14:17.158"></status>
</kw>
<doc>basic searh functionality with python webelements</doc>
<tags>
<tag>Functional</tag>
</tags>
<status status="PASS" starttime="20210131 12:14:04.688" endtime="20210131 12:14:17.158" critical="yes"></status>
</test>
<doc>Basic search functionality</doc>
<status status="PASS" starttime="20210131 12:14:04.387" endtime="20210131 12:14:17.161"></status>
</suite>
<statistics>
<total>
<stat pass="1" fail="0">Critical Tests</stat>
<stat pass="1" fail="0">All Tests</stat>
</total>
<tag>
<stat pass="1" fail="0">Functional</stat>
</tag>
<suite>
<stat pass="1" fail="0" id="s1" name="Basicsearch">Basicsearch</stat>
</suite>
</statistics>
<errors>
</errors>
</robot>
