<?xml version="1.0" encoding="UTF-8"?>
<robot generator="Robot 3.2.2 (Python 3.8.1 on win32)" generated="20210201 13:55:37.461" rpa="false">
<suite id="s1" name="Basicsearch" source="E:\RobotFramework\my_first_project\test\ebay\basicsearch.robot">
<test id="s1-t1" name="Verify basic search functionality">
<kw name="Start test case" library="common.functionality" type="setup">
<kw name="Open Browser" library="SeleniumLibrary">
<doc>Opens a new browser instance to the optional ``url``.</doc>
<arguments>
<arg>${url_dictionary.uat}</arg>
<arg>${browser.${milestone}}</arg>
</arguments>
<msg timestamp="20210201 13:55:37.712" level="INFO">Opening browser 'chrome' to base url 'https://ebay.com'.</msg>
<status status="PASS" starttime="20210201 13:55:37.712" endtime="20210201 13:55:42.617"></status>
</kw>
<kw name="Maximize Browser Window" library="SeleniumLibrary">
<doc>Maximizes current browser window.</doc>
<status status="PASS" starttime="20210201 13:55:42.617" endtime="20210201 13:55:42.757"></status>
</kw>
<kw name="Sleep" library="BuiltIn">
<doc>Pauses the test executed for the given time.</doc>
<arguments>
<arg>${sleep_time}</arg>
</arguments>
<msg timestamp="20210201 13:55:43.758" level="INFO">Slept 1 second</msg>
<status status="PASS" starttime="20210201 13:55:42.758" endtime="20210201 13:55:43.758"></status>
</kw>
<status status="PASS" starttime="20210201 13:55:37.712" endtime="20210201 13:55:43.759"></status>
</kw>
<kw name="Input search text and click search" library="HeaderPage">
<kw name="Input Text" library="SeleniumLibrary">
<doc>Types the given ``text`` into the text field identified by ``locator``.</doc>
<arguments>
<arg>//*[@id="gh-ac"]</arg>
<arg>${search_text_dictionary.bcd}</arg>
</arguments>
<msg timestamp="20210201 13:55:43.764" level="INFO">Typing text 'mobile' into text field '//*[@id="gh-ac"]'.</msg>
<status status="PASS" starttime="20210201 13:55:43.762" endtime="20210201 13:55:44.032"></status>
</kw>
<kw name="Sleep" library="BuiltIn">
<doc>Pauses the test executed for the given time.</doc>
<arguments>
<arg>1s</arg>
</arguments>
<msg timestamp="20210201 13:55:45.032" level="INFO">Slept 1 second</msg>
<status status="PASS" starttime="20210201 13:55:44.032" endtime="20210201 13:55:45.032"></status>
</kw>
<kw name="Press Keys" library="SeleniumLibrary">
<doc>Simulates the user pressing key(s) to an element or on the active browser.</doc>
<arguments>
<arg>xpath://*[@id="gh-btn"]</arg>
<arg>[Return]</arg>
</arguments>
<msg timestamp="20210201 13:55:45.033" level="INFO">Sending key(s) ('[Return]',) to xpath://*[@id="gh-btn"] element.</msg>
<msg timestamp="20210201 13:55:49.151" level="INFO">Sending keys [Return]</msg>
<status status="PASS" starttime="20210201 13:55:45.032" endtime="20210201 13:55:49.185"></status>
</kw>
<status status="PASS" starttime="20210201 13:55:43.761" endtime="20210201 13:55:49.185"></status>
</kw>
<kw name="Verify Search Results" library="SearchResultPage">
<kw name="Page Should Contain" library="SeleniumLibrary">
<doc>Verifies that current page contains ``text``.</doc>
<arguments>
<arg>${search_result} ${search_text}</arg>
</arguments>
<msg timestamp="20210201 13:55:49.221" level="INFO">Current page contains text 'results for mobile'.</msg>
<status status="PASS" starttime="20210201 13:55:49.186" endtime="20210201 13:55:49.221"></status>
</kw>
<kw name="Capture Element Screenshot" library="SeleniumLibrary">
<doc>Captures a screenshot from the element identified by ``locator`` and embeds it into log file.</doc>
<arguments>
<arg>//h1[text()=' results for ']</arg>
<arg>filename=_searchResultPicture{index}.png</arg>
</arguments>
<msg timestamp="20210201 13:55:49.610" level="INFO" html="yes">&lt;/td&gt;&lt;/tr&gt;&lt;tr&gt;&lt;td colspan="3"&gt;&lt;a href="_searchResultPicture3.png"&gt;&lt;img src="_searchResultPicture3.png" width="400px"&gt;&lt;/a&gt;</msg>
<status status="PASS" starttime="20210201 13:55:49.221" endtime="20210201 13:55:49.610"></status>
</kw>
<status status="PASS" starttime="20210201 13:55:49.186" endtime="20210201 13:55:49.611"></status>
</kw>
<kw name="End test case" library="common.functionality" type="teardown">
<kw name="Close Browser" library="SeleniumLibrary">
<doc>Closes the current browser.</doc>
<status status="PASS" starttime="20210201 13:55:49.612" endtime="20210201 13:55:51.784"></status>
</kw>
<status status="PASS" starttime="20210201 13:55:49.611" endtime="20210201 13:55:51.784"></status>
</kw>
<doc>basic searh functionality</doc>
<tags>
<tag>Functional</tag>
</tags>
<status status="PASS" starttime="20210201 13:55:37.712" endtime="20210201 13:55:51.784" critical="yes"></status>
</test>
<test id="s1-t2" name="Verify advanced search functionality">
<kw name="Start test case" library="common.functionality" type="setup">
<kw name="Open Browser" library="SeleniumLibrary">
<doc>Opens a new browser instance to the optional ``url``.</doc>
<arguments>
<arg>${url_dictionary.uat}</arg>
<arg>${browser.${milestone}}</arg>
</arguments>
<msg timestamp="20210201 13:55:51.794" level="INFO">Opening browser 'chrome' to base url 'https://ebay.com'.</msg>
<status status="PASS" starttime="20210201 13:55:51.784" endtime="20210201 13:55:56.068"></status>
</kw>
<kw name="Maximize Browser Window" library="SeleniumLibrary">
<doc>Maximizes current browser window.</doc>
<status status="PASS" starttime="20210201 13:55:56.068" endtime="20210201 13:55:56.221"></status>
</kw>
<kw name="Sleep" library="BuiltIn">
<doc>Pauses the test executed for the given time.</doc>
<arguments>
<arg>${sleep_time}</arg>
</arguments>
<msg timestamp="20210201 13:55:57.222" level="INFO">Slept 1 second</msg>
<status status="PASS" starttime="20210201 13:55:56.222" endtime="20210201 13:55:57.222"></status>
</kw>
<status status="PASS" starttime="20210201 13:55:51.784" endtime="20210201 13:55:57.223"></status>
</kw>
<kw name="Click on advanced search link" library="HeaderPage">
<kw name="Click Element" library="SeleniumLibrary">
<doc>Click the element identified by ``locator``.</doc>
<arguments>
<arg>//*[@id="gh-as-a"]</arg>
</arguments>
<msg timestamp="20210201 13:55:57.225" level="INFO">Clicking element '//*[@id="gh-as-a"]'.</msg>
<status status="PASS" starttime="20210201 13:55:57.225" endtime="20210201 13:55:58.921"></status>
</kw>
<kw name="Element Text Should Be" library="SeleniumLibrary">
<doc>Verifies that element ``locator`` contains exact the text ``expected``.</doc>
<arguments>
<arg>//*[@id="gh-title"]</arg>
<arg>Advanced Search</arg>
</arguments>
<msg timestamp="20210201 13:55:58.922" level="INFO">Verifying element '//*[@id="gh-title"]' contains exact text 'Advanced Search'.</msg>
<status status="PASS" starttime="20210201 13:55:58.921" endtime="20210201 13:55:58.976"></status>
</kw>
<kw name="Capture Element Screenshot" library="SeleniumLibrary">
<doc>Captures a screenshot from the element identified by ``locator`` and embeds it into log file.</doc>
<arguments>
<arg>//*[@id="gh-title"]</arg>
<arg>filename=_advSearchTextPicture{index}.png</arg>
</arguments>
<msg timestamp="20210201 13:55:59.246" level="INFO" html="yes">&lt;/td&gt;&lt;/tr&gt;&lt;tr&gt;&lt;td colspan="3"&gt;&lt;a href="_advSearchTextPicture2.png"&gt;&lt;img src="_advSearchTextPicture2.png" width="400px"&gt;&lt;/a&gt;</msg>
<status status="PASS" starttime="20210201 13:55:58.976" endtime="20210201 13:55:59.246"></status>
</kw>
<kw name="Sleep" library="BuiltIn">
<doc>Pauses the test executed for the given time.</doc>
<arguments>
<arg>1s</arg>
</arguments>
<msg timestamp="20210201 13:56:00.247" level="INFO">Slept 1 second</msg>
<status status="PASS" starttime="20210201 13:55:59.247" endtime="20210201 13:56:00.247"></status>
</kw>
<status status="PASS" starttime="20210201 13:55:57.224" endtime="20210201 13:56:00.247"></status>
</kw>
<kw name="End test case" library="common.functionality" type="teardown">
<kw name="Close Browser" library="SeleniumLibrary">
<doc>Closes the current browser.</doc>
<status status="PASS" starttime="20210201 13:56:00.248" endtime="20210201 13:56:02.503"></status>
</kw>
<status status="PASS" starttime="20210201 13:56:00.248" endtime="20210201 13:56:02.503"></status>
</kw>
<doc>advanced search functionality</doc>
<tags>
<tag>Functional</tag>
</tags>
<status status="PASS" starttime="20210201 13:55:51.784" endtime="20210201 13:56:02.503" critical="yes"></status>
</test>
<test id="s1-t3" name="Verify basic search functinality with arguments 1">
<kw name="Start test case" library="common.functionality" type="setup">
<kw name="Open Browser" library="SeleniumLibrary">
<doc>Opens a new browser instance to the optional ``url``.</doc>
<arguments>
<arg>${url_dictionary.uat}</arg>
<arg>${browser.${milestone}}</arg>
</arguments>
<msg timestamp="20210201 13:56:02.513" level="INFO">Opening browser 'chrome' to base url 'https://ebay.com'.</msg>
<status status="PASS" starttime="20210201 13:56:02.513" endtime="20210201 13:56:06.824"></status>
</kw>
<kw name="Maximize Browser Window" library="SeleniumLibrary">
<doc>Maximizes current browser window.</doc>
<status status="PASS" starttime="20210201 13:56:06.824" endtime="20210201 13:56:06.997"></status>
</kw>
<kw name="Sleep" library="BuiltIn">
<doc>Pauses the test executed for the given time.</doc>
<arguments>
<arg>${sleep_time}</arg>
</arguments>
<msg timestamp="20210201 13:56:07.998" level="INFO">Slept 1 second</msg>
<status status="PASS" starttime="20210201 13:56:06.997" endtime="20210201 13:56:07.998"></status>
</kw>
<status status="PASS" starttime="20210201 13:56:02.513" endtime="20210201 13:56:07.998"></status>
</kw>
<kw name="Input search text and click search with arguments" library="HeaderPage">
<arguments>
<arg>mobile charger</arg>
</arguments>
<kw name="Input Text" library="SeleniumLibrary">
<doc>Types the given ``text`` into the text field identified by ``locator``.</doc>
<arguments>
<arg>//*[@id="gh-ac"]</arg>
<arg>${search_text_Arg}</arg>
</arguments>
<msg timestamp="20210201 13:56:08.000" level="INFO">Typing text 'mobile charger' into text field '//*[@id="gh-ac"]'.</msg>
<status status="PASS" starttime="20210201 13:56:07.999" endtime="20210201 13:56:08.189"></status>
</kw>
<kw name="Sleep" library="BuiltIn">
<doc>Pauses the test executed for the given time.</doc>
<arguments>
<arg>1s</arg>
</arguments>
<msg timestamp="20210201 13:56:09.190" level="INFO">Slept 1 second</msg>
<status status="PASS" starttime="20210201 13:56:08.189" endtime="20210201 13:56:09.190"></status>
</kw>
<kw name="Press Keys" library="SeleniumLibrary">
<doc>Simulates the user pressing key(s) to an element or on the active browser.</doc>
<arguments>
<arg>xpath://*[@id="gh-btn"]</arg>
<arg>[Return]</arg>
</arguments>
<msg timestamp="20210201 13:56:09.191" level="INFO">Sending key(s) ('[Return]',) to xpath://*[@id="gh-btn"] element.</msg>
<msg timestamp="20210201 13:56:12.124" level="INFO">Sending keys [Return]</msg>
<status status="PASS" starttime="20210201 13:56:09.190" endtime="20210201 13:56:12.156"></status>
</kw>
<status status="PASS" starttime="20210201 13:56:07.999" endtime="20210201 13:56:12.157"></status>
</kw>
<kw name="Verify Search Results with arguments" library="SearchResultPage">
<arguments>
<arg>mobile charger</arg>
</arguments>
<kw name="Page Should Contain" library="SeleniumLibrary">
<doc>Verifies that current page contains ``text``.</doc>
<arguments>
<arg>${search_result} ${search_text_Arg}</arg>
</arguments>
<msg timestamp="20210201 13:56:12.195" level="INFO">Current page contains text 'results for mobile charger'.</msg>
<status status="PASS" starttime="20210201 13:56:12.157" endtime="20210201 13:56:12.195"></status>
</kw>
<status status="PASS" starttime="20210201 13:56:12.157" endtime="20210201 13:56:12.196"></status>
</kw>
<kw name="End test case" library="common.functionality" type="teardown">
<kw name="Close Browser" library="SeleniumLibrary">
<doc>Closes the current browser.</doc>
<status status="PASS" starttime="20210201 13:56:12.196" endtime="20210201 13:56:14.327"></status>
</kw>
<status status="PASS" starttime="20210201 13:56:12.196" endtime="20210201 13:56:14.327"></status>
</kw>
<doc>basic searh functionality with arguments</doc>
<tags>
<tag>Functional</tag>
</tags>
<status status="PASS" starttime="20210201 13:56:02.503" endtime="20210201 13:56:14.327" critical="yes"></status>
</test>
<test id="s1-t4" name="Verify basic search functinality with arguments 2">
<kw name="Start test case" library="common.functionality" type="setup">
<kw name="Open Browser" library="SeleniumLibrary">
<doc>Opens a new browser instance to the optional ``url``.</doc>
<arguments>
<arg>${url_dictionary.uat}</arg>
<arg>${browser.${milestone}}</arg>
</arguments>
<msg timestamp="20210201 13:56:14.337" level="INFO">Opening browser 'chrome' to base url 'https://ebay.com'.</msg>
<status status="PASS" starttime="20210201 13:56:14.337" endtime="20210201 13:56:18.984"></status>
</kw>
<kw name="Maximize Browser Window" library="SeleniumLibrary">
<doc>Maximizes current browser window.</doc>
<status status="PASS" starttime="20210201 13:56:18.984" endtime="20210201 13:56:19.155"></status>
</kw>
<kw name="Sleep" library="BuiltIn">
<doc>Pauses the test executed for the given time.</doc>
<arguments>
<arg>${sleep_time}</arg>
</arguments>
<msg timestamp="20210201 13:56:20.156" level="INFO">Slept 1 second</msg>
<status status="PASS" starttime="20210201 13:56:19.155" endtime="20210201 13:56:20.156"></status>
</kw>
<status status="PASS" starttime="20210201 13:56:14.337" endtime="20210201 13:56:20.156"></status>
</kw>
<kw name="Input search text and click search with arguments" library="HeaderPage">
<arguments>
<arg>external battery</arg>
</arguments>
<kw name="Input Text" library="SeleniumLibrary">
<doc>Types the given ``text`` into the text field identified by ``locator``.</doc>
<arguments>
<arg>//*[@id="gh-ac"]</arg>
<arg>${search_text_Arg}</arg>
</arguments>
<msg timestamp="20210201 13:56:20.157" level="INFO">Typing text 'external battery' into text field '//*[@id="gh-ac"]'.</msg>
<status status="PASS" starttime="20210201 13:56:20.157" endtime="20210201 13:56:20.416"></status>
</kw>
<kw name="Sleep" library="BuiltIn">
<doc>Pauses the test executed for the given time.</doc>
<arguments>
<arg>1s</arg>
</arguments>
<msg timestamp="20210201 13:56:21.417" level="INFO">Slept 1 second</msg>
<status status="PASS" starttime="20210201 13:56:20.416" endtime="20210201 13:56:21.417"></status>
</kw>
<kw name="Press Keys" library="SeleniumLibrary">
<doc>Simulates the user pressing key(s) to an element or on the active browser.</doc>
<arguments>
<arg>xpath://*[@id="gh-btn"]</arg>
<arg>[Return]</arg>
</arguments>
<msg timestamp="20210201 13:56:21.418" level="INFO">Sending key(s) ('[Return]',) to xpath://*[@id="gh-btn"] element.</msg>
<msg timestamp="20210201 13:56:24.239" level="INFO">Sending keys [Return]</msg>
<status status="PASS" starttime="20210201 13:56:21.417" endtime="20210201 13:56:24.269"></status>
</kw>
<status status="PASS" starttime="20210201 13:56:20.157" endtime="20210201 13:56:24.269"></status>
</kw>
<kw name="Verify Search Results with arguments" library="SearchResultPage">
<arguments>
<arg>external battery</arg>
</arguments>
<kw name="Page Should Contain" library="SeleniumLibrary">
<doc>Verifies that current page contains ``text``.</doc>
<arguments>
<arg>${search_result} ${search_text_Arg}</arg>
</arguments>
<msg timestamp="20210201 13:56:24.308" level="INFO">Current page contains text 'results for external battery'.</msg>
<status status="PASS" starttime="20210201 13:56:24.270" endtime="20210201 13:56:24.308"></status>
</kw>
<status status="PASS" starttime="20210201 13:56:24.270" endtime="20210201 13:56:24.308"></status>
</kw>
<kw name="End test case" library="common.functionality" type="teardown">
<kw name="Close Browser" library="SeleniumLibrary">
<doc>Closes the current browser.</doc>
<status status="PASS" starttime="20210201 13:56:24.309" endtime="20210201 13:56:26.461"></status>
</kw>
<status status="PASS" starttime="20210201 13:56:24.309" endtime="20210201 13:56:26.461"></status>
</kw>
<doc>basic searh functionality with arguments</doc>
<tags>
<tag>Functional</tag>
</tags>
<status status="PASS" starttime="20210201 13:56:14.327" endtime="20210201 13:56:26.461" critical="yes"></status>
</test>
<test id="s1-t5" name="Input search text and click search with python webelemets">
<kw name="Start test case" library="common.functionality" type="setup">
<kw name="Open Browser" library="SeleniumLibrary">
<doc>Opens a new browser instance to the optional ``url``.</doc>
<arguments>
<arg>${url_dictionary.uat}</arg>
<arg>${browser.${milestone}}</arg>
</arguments>
<msg timestamp="20210201 13:56:26.461" level="INFO">Opening browser 'chrome' to base url 'https://ebay.com'.</msg>
<status status="PASS" starttime="20210201 13:56:26.461" endtime="20210201 13:56:30.735"></status>
</kw>
<kw name="Maximize Browser Window" library="SeleniumLibrary">
<doc>Maximizes current browser window.</doc>
<status status="PASS" starttime="20210201 13:56:30.735" endtime="20210201 13:56:30.894"></status>
</kw>
<kw name="Sleep" library="BuiltIn">
<doc>Pauses the test executed for the given time.</doc>
<arguments>
<arg>${sleep_time}</arg>
</arguments>
<msg timestamp="20210201 13:56:31.895" level="INFO">Slept 1 second</msg>
<status status="PASS" starttime="20210201 13:56:30.895" endtime="20210201 13:56:31.895"></status>
</kw>
<status status="PASS" starttime="20210201 13:56:26.461" endtime="20210201 13:56:31.895"></status>
</kw>
<kw name="Input search text and click search with python webelemets" library="HeaderPage">
<kw name="Input Text" library="SeleniumLibrary">
<doc>Types the given ``text`` into the text field identified by ``locator``.</doc>
<arguments>
<arg>${HeaderPageInputTextBox}</arg>
<arg>${search_text_dictionary.bcd}</arg>
</arguments>
<msg timestamp="20210201 13:56:31.897" level="INFO">Typing text 'mobile' into text field 'xpath://*[@id="gh-ac"]'.</msg>
<status status="PASS" starttime="20210201 13:56:31.896" endtime="20210201 13:56:32.117"></status>
</kw>
<kw name="Sleep" library="BuiltIn">
<doc>Pauses the test executed for the given time.</doc>
<arguments>
<arg>1s</arg>
</arguments>
<msg timestamp="20210201 13:56:33.118" level="INFO">Slept 1 second</msg>
<status status="PASS" starttime="20210201 13:56:32.117" endtime="20210201 13:56:33.118"></status>
</kw>
<kw name="Press Keys" library="SeleniumLibrary">
<doc>Simulates the user pressing key(s) to an element or on the active browser.</doc>
<arguments>
<arg>${HeaderPageSearchButton}</arg>
<arg>[Return]</arg>
</arguments>
<msg timestamp="20210201 13:56:33.119" level="INFO">Sending key(s) ('[Return]',) to xpath://*[@id="gh-btn"] element.</msg>
<msg timestamp="20210201 13:56:36.775" level="INFO">Sending keys [Return]</msg>
<status status="PASS" starttime="20210201 13:56:33.118" endtime="20210201 13:56:36.806"></status>
</kw>
<status status="PASS" starttime="20210201 13:56:31.896" endtime="20210201 13:56:36.806"></status>
</kw>
<kw name="Verify Search Results" library="SearchResultPage">
<kw name="Page Should Contain" library="SeleniumLibrary">
<doc>Verifies that current page contains ``text``.</doc>
<arguments>
<arg>${search_result} ${search_text}</arg>
</arguments>
<msg timestamp="20210201 13:56:36.846" level="INFO">Current page contains text 'results for mobile'.</msg>
<status status="PASS" starttime="20210201 13:56:36.807" endtime="20210201 13:56:36.846"></status>
</kw>
<kw name="Capture Element Screenshot" library="SeleniumLibrary">
<doc>Captures a screenshot from the element identified by ``locator`` and embeds it into log file.</doc>
<arguments>
<arg>//h1[text()=' results for ']</arg>
<arg>filename=_searchResultPicture{index}.png</arg>
</arguments>
<msg timestamp="20210201 13:56:37.161" level="INFO" html="yes">&lt;/td&gt;&lt;/tr&gt;&lt;tr&gt;&lt;td colspan="3"&gt;&lt;a href="_searchResultPicture4.png"&gt;&lt;img src="_searchResultPicture4.png" width="400px"&gt;&lt;/a&gt;</msg>
<status status="PASS" starttime="20210201 13:56:36.847" endtime="20210201 13:56:37.161"></status>
</kw>
<status status="PASS" starttime="20210201 13:56:36.806" endtime="20210201 13:56:37.162"></status>
</kw>
<kw name="End test case" library="common.functionality" type="teardown">
<kw name="Close Browser" library="SeleniumLibrary">
<doc>Closes the current browser.</doc>
<status status="PASS" starttime="20210201 13:56:37.163" endtime="20210201 13:56:39.320"></status>
</kw>
<status status="PASS" starttime="20210201 13:56:37.162" endtime="20210201 13:56:39.320"></status>
</kw>
<doc>basic searh functionality with python webelements</doc>
<tags>
<tag>Functional</tag>
</tags>
<status status="PASS" starttime="20210201 13:56:26.461" endtime="20210201 13:56:39.320" critical="yes"></status>
</test>
<doc>Basic search functionality</doc>
<status status="PASS" starttime="20210201 13:55:37.461" endtime="20210201 13:56:39.320"></status>
</suite>
<statistics>
<total>
<stat pass="5" fail="0">Critical Tests</stat>
<stat pass="5" fail="0">All Tests</stat>
</total>
<tag>
<stat pass="5" fail="0">Functional</stat>
</tag>
<suite>
<stat pass="5" fail="0" id="s1" name="Basicsearch">Basicsearch</stat>
</suite>
</statistics>
<errors>
</errors>
</robot>
