<?xml version="1.0" encoding="UTF-8"?>
<robot generator="Robot 3.2.2 (Python 3.8.1 on win32)" generated="20210204 13:18:19.477" rpa="false">
<suite id="s1" name="42learnDDTXLS" source="E:\RobotFramework\my_first_project\test\42learnDDTXLS.robot">
<kw name="Start TestCase" library="DDTcommon" type="setup">
<kw name="Open Browser" library="SeleniumLibrary">
<doc>Opens a new browser instance to the optional ``url``.</doc>
<arguments>
<arg>${url}</arg>
<arg>${browser}</arg>
</arguments>
<msg timestamp="20210204 13:18:20.230" level="INFO">Opening browser 'Chrome' to base url 'https://www.saucedemo.com/'.</msg>
<status status="PASS" starttime="20210204 13:18:20.230" endtime="20210204 13:18:22.842"></status>
</kw>
<kw name="Maximize Browser Window" library="SeleniumLibrary">
<doc>Maximizes current browser window.</doc>
<status status="PASS" starttime="20210204 13:18:22.843" endtime="20210204 13:18:22.954"></status>
</kw>
<kw name="Sleep" library="BuiltIn">
<doc>Pauses the test executed for the given time.</doc>
<arguments>
<arg>2s</arg>
</arguments>
<msg timestamp="20210204 13:18:24.956" level="INFO">Slept 2 seconds</msg>
<status status="PASS" starttime="20210204 13:18:22.954" endtime="20210204 13:18:24.956"></status>
</kw>
<status status="PASS" starttime="20210204 13:18:20.230" endtime="20210204 13:18:24.956"></status>
</kw>
<test id="s1-t1" name="Verify Login Fails with Invalid Creds">
<kw name="Invalid Login Scenarios">
<arguments>
<arg>Epic sadface: Username is required</arg>
</arguments>
<kw name="Input Text" library="SeleniumLibrary">
<doc>Types the given ``text`` into the text field identified by ``locator``.</doc>
<arguments>
<arg>${textbox_username}</arg>
<arg>${username}</arg>
</arguments>
<msg timestamp="20210204 13:18:24.956" level="INFO">Typing text '' into text field 'id:user-name'.</msg>
<status status="PASS" starttime="20210204 13:18:24.956" endtime="20210204 13:18:25.080"></status>
</kw>
<kw name="Input Text" library="SeleniumLibrary">
<doc>Types the given ``text`` into the text field identified by ``locator``.</doc>
<arguments>
<arg>${textbox_password}</arg>
<arg>${password}</arg>
</arguments>
<msg timestamp="20210204 13:18:25.081" level="INFO">Typing text '' into text field 'id:password'.</msg>
<status status="PASS" starttime="20210204 13:18:25.080" endtime="20210204 13:18:25.159"></status>
</kw>
<kw name="Click Button" library="SeleniumLibrary">
<doc>Clicks the button identified by ``locator``.</doc>
<arguments>
<arg>${btn_login}</arg>
</arguments>
<msg timestamp="20210204 13:18:25.159" level="INFO">Clicking button 'xpath://input[@id='login-button']'.</msg>
<status status="PASS" starttime="20210204 13:18:25.159" endtime="20210204 13:18:25.230"></status>
</kw>
<kw name="Sleep" library="BuiltIn">
<doc>Pauses the test executed for the given time.</doc>
<arguments>
<arg>1s</arg>
</arguments>
<msg timestamp="20210204 13:18:26.239" level="INFO">Slept 1 second</msg>
<status status="PASS" starttime="20210204 13:18:25.230" endtime="20210204 13:18:26.239"></status>
</kw>
<kw name="Element Should Contain" library="SeleniumLibrary">
<doc>Verifies that element ``locator`` contains text ``expected``.</doc>
<arguments>
<arg>${txt_error}</arg>
<arg>${error_msg}</arg>
</arguments>
<msg timestamp="20210204 13:18:26.300" level="INFO">Element 'xpath://*[@id="login_button_container"]/div/form/h3' contains text 'Epic sadface: Username is required'.</msg>
<status status="PASS" starttime="20210204 13:18:26.239" endtime="20210204 13:18:26.300"></status>
</kw>
<status status="PASS" starttime="20210204 13:18:24.956" endtime="20210204 13:18:26.301"></status>
</kw>
<status status="PASS" starttime="20210204 13:18:24.956" endtime="20210204 13:18:26.301" critical="yes"></status>
</test>
<test id="s1-t2" name="Verify Login Fails with Invalid Creds">
<kw name="Invalid Login Scenarios">
<arguments>
<arg>secret_sauce</arg>
<arg>Epic sadface: Username is required</arg>
</arguments>
<kw name="Input Text" library="SeleniumLibrary">
<doc>Types the given ``text`` into the text field identified by ``locator``.</doc>
<arguments>
<arg>${textbox_username}</arg>
<arg>${username}</arg>
</arguments>
<msg timestamp="20210204 13:18:26.305" level="INFO">Typing text '' into text field 'id:user-name'.</msg>
<status status="PASS" starttime="20210204 13:18:26.304" endtime="20210204 13:18:26.363"></status>
</kw>
<kw name="Input Text" library="SeleniumLibrary">
<doc>Types the given ``text`` into the text field identified by ``locator``.</doc>
<arguments>
<arg>${textbox_password}</arg>
<arg>${password}</arg>
</arguments>
<msg timestamp="20210204 13:18:26.364" level="INFO">Typing text 'secret_sauce' into text field 'id:password'.</msg>
<status status="PASS" starttime="20210204 13:18:26.364" endtime="20210204 13:18:26.450"></status>
</kw>
<kw name="Click Button" library="SeleniumLibrary">
<doc>Clicks the button identified by ``locator``.</doc>
<arguments>
<arg>${btn_login}</arg>
</arguments>
<msg timestamp="20210204 13:18:26.451" level="INFO">Clicking button 'xpath://input[@id='login-button']'.</msg>
<status status="PASS" starttime="20210204 13:18:26.451" endtime="20210204 13:18:26.488"></status>
</kw>
<kw name="Sleep" library="BuiltIn">
<doc>Pauses the test executed for the given time.</doc>
<arguments>
<arg>1s</arg>
</arguments>
<msg timestamp="20210204 13:18:27.488" level="INFO">Slept 1 second</msg>
<status status="PASS" starttime="20210204 13:18:26.488" endtime="20210204 13:18:27.488"></status>
</kw>
<kw name="Element Should Contain" library="SeleniumLibrary">
<doc>Verifies that element ``locator`` contains text ``expected``.</doc>
<arguments>
<arg>${txt_error}</arg>
<arg>${error_msg}</arg>
</arguments>
<msg timestamp="20210204 13:18:27.508" level="INFO">Element 'xpath://*[@id="login_button_container"]/div/form/h3' contains text 'Epic sadface: Username is required'.</msg>
<status status="PASS" starttime="20210204 13:18:27.488" endtime="20210204 13:18:27.508"></status>
</kw>
<status status="PASS" starttime="20210204 13:18:26.303" endtime="20210204 13:18:27.508"></status>
</kw>
<status status="PASS" starttime="20210204 13:18:26.303" endtime="20210204 13:18:27.508" critical="yes"></status>
</test>
<test id="s1-t3" name="Verify Login Fails with Invalid Creds">
<kw name="Invalid Login Scenarios">
<arguments>
<arg>standard_us</arg>
<arg>secret_sauce</arg>
<arg>Epic sadface: Username and password do not match any user in this service</arg>
</arguments>
<kw name="Input Text" library="SeleniumLibrary">
<doc>Types the given ``text`` into the text field identified by ``locator``.</doc>
<arguments>
<arg>${textbox_username}</arg>
<arg>${username}</arg>
</arguments>
<msg timestamp="20210204 13:18:27.511" level="INFO">Typing text 'standard_us' into text field 'id:user-name'.</msg>
<status status="PASS" starttime="20210204 13:18:27.511" endtime="20210204 13:18:27.595"></status>
</kw>
<kw name="Input Text" library="SeleniumLibrary">
<doc>Types the given ``text`` into the text field identified by ``locator``.</doc>
<arguments>
<arg>${textbox_password}</arg>
<arg>${password}</arg>
</arguments>
<msg timestamp="20210204 13:18:27.595" level="INFO">Typing text 'secret_sauce' into text field 'id:password'.</msg>
<status status="PASS" starttime="20210204 13:18:27.595" endtime="20210204 13:18:27.684"></status>
</kw>
<kw name="Click Button" library="SeleniumLibrary">
<doc>Clicks the button identified by ``locator``.</doc>
<arguments>
<arg>${btn_login}</arg>
</arguments>
<msg timestamp="20210204 13:18:27.685" level="INFO">Clicking button 'xpath://input[@id='login-button']'.</msg>
<status status="PASS" starttime="20210204 13:18:27.685" endtime="20210204 13:18:27.729"></status>
</kw>
<kw name="Sleep" library="BuiltIn">
<doc>Pauses the test executed for the given time.</doc>
<arguments>
<arg>1s</arg>
</arguments>
<msg timestamp="20210204 13:18:28.730" level="INFO">Slept 1 second</msg>
<status status="PASS" starttime="20210204 13:18:27.729" endtime="20210204 13:18:28.730"></status>
</kw>
<kw name="Element Should Contain" library="SeleniumLibrary">
<doc>Verifies that element ``locator`` contains text ``expected``.</doc>
<arguments>
<arg>${txt_error}</arg>
<arg>${error_msg}</arg>
</arguments>
<msg timestamp="20210204 13:18:28.755" level="INFO">Element 'xpath://*[@id="login_button_container"]/div/form/h3' contains text 'Epic sadface: Username and password do not match any user in this service'.</msg>
<status status="PASS" starttime="20210204 13:18:28.730" endtime="20210204 13:18:28.755"></status>
</kw>
<status status="PASS" starttime="20210204 13:18:27.510" endtime="20210204 13:18:28.756"></status>
</kw>
<status status="PASS" starttime="20210204 13:18:27.510" endtime="20210204 13:18:28.756" critical="yes"></status>
</test>
<test id="s1-t4" name="Verify Login Fails with Invalid Creds">
<kw name="Invalid Login Scenarios">
<arguments>
<arg>locked_out_user</arg>
<arg>secret_sauce</arg>
<arg>Epic sadface: Sorry, this user has been locked out</arg>
</arguments>
<kw name="Input Text" library="SeleniumLibrary">
<doc>Types the given ``text`` into the text field identified by ``locator``.</doc>
<arguments>
<arg>${textbox_username}</arg>
<arg>${username}</arg>
</arguments>
<msg timestamp="20210204 13:18:28.760" level="INFO">Typing text 'locked_out_user' into text field 'id:user-name'.</msg>
<status status="PASS" starttime="20210204 13:18:28.759" endtime="20210204 13:18:28.865"></status>
</kw>
<kw name="Input Text" library="SeleniumLibrary">
<doc>Types the given ``text`` into the text field identified by ``locator``.</doc>
<arguments>
<arg>${textbox_password}</arg>
<arg>${password}</arg>
</arguments>
<msg timestamp="20210204 13:18:28.866" level="INFO">Typing text 'secret_sauce' into text field 'id:password'.</msg>
<status status="PASS" starttime="20210204 13:18:28.865" endtime="20210204 13:18:28.960"></status>
</kw>
<kw name="Click Button" library="SeleniumLibrary">
<doc>Clicks the button identified by ``locator``.</doc>
<arguments>
<arg>${btn_login}</arg>
</arguments>
<msg timestamp="20210204 13:18:28.961" level="INFO">Clicking button 'xpath://input[@id='login-button']'.</msg>
<status status="PASS" starttime="20210204 13:18:28.960" endtime="20210204 13:18:29.005"></status>
</kw>
<kw name="Sleep" library="BuiltIn">
<doc>Pauses the test executed for the given time.</doc>
<arguments>
<arg>1s</arg>
</arguments>
<msg timestamp="20210204 13:18:30.006" level="INFO">Slept 1 second</msg>
<status status="PASS" starttime="20210204 13:18:29.005" endtime="20210204 13:18:30.006"></status>
</kw>
<kw name="Element Should Contain" library="SeleniumLibrary">
<doc>Verifies that element ``locator`` contains text ``expected``.</doc>
<arguments>
<arg>${txt_error}</arg>
<arg>${error_msg}</arg>
</arguments>
<msg timestamp="20210204 13:18:30.029" level="INFO">Element 'xpath://*[@id="login_button_container"]/div/form/h3' contains text 'Epic sadface: Sorry, this user has been locked out'.</msg>
<status status="PASS" starttime="20210204 13:18:30.006" endtime="20210204 13:18:30.029"></status>
</kw>
<status status="PASS" starttime="20210204 13:18:28.759" endtime="20210204 13:18:30.029"></status>
</kw>
<status status="PASS" starttime="20210204 13:18:28.758" endtime="20210204 13:18:30.030" critical="yes"></status>
</test>
<test id="s1-t5" name="Verify Login Fails with Invalid Creds">
<kw name="Invalid Login Scenarios">
<arguments>
<arg>standard_user</arg>
<arg>secret_sa</arg>
<arg>Epic sadface: Username and password do not match any user in this service</arg>
</arguments>
<kw name="Input Text" library="SeleniumLibrary">
<doc>Types the given ``text`` into the text field identified by ``locator``.</doc>
<arguments>
<arg>${textbox_username}</arg>
<arg>${username}</arg>
</arguments>
<msg timestamp="20210204 13:18:30.033" level="INFO">Typing text 'standard_user' into text field 'id:user-name'.</msg>
<status status="PASS" starttime="20210204 13:18:30.033" endtime="20210204 13:18:30.130"></status>
</kw>
<kw name="Input Text" library="SeleniumLibrary">
<doc>Types the given ``text`` into the text field identified by ``locator``.</doc>
<arguments>
<arg>${textbox_password}</arg>
<arg>${password}</arg>
</arguments>
<msg timestamp="20210204 13:18:30.131" level="INFO">Typing text 'secret_sa' into text field 'id:password'.</msg>
<status status="PASS" starttime="20210204 13:18:30.131" endtime="20210204 13:18:30.220"></status>
</kw>
<kw name="Click Button" library="SeleniumLibrary">
<doc>Clicks the button identified by ``locator``.</doc>
<arguments>
<arg>${btn_login}</arg>
</arguments>
<msg timestamp="20210204 13:18:30.221" level="INFO">Clicking button 'xpath://input[@id='login-button']'.</msg>
<status status="PASS" starttime="20210204 13:18:30.221" endtime="20210204 13:18:30.267"></status>
</kw>
<kw name="Sleep" library="BuiltIn">
<doc>Pauses the test executed for the given time.</doc>
<arguments>
<arg>1s</arg>
</arguments>
<msg timestamp="20210204 13:18:31.271" level="INFO">Slept 1 second</msg>
<status status="PASS" starttime="20210204 13:18:30.267" endtime="20210204 13:18:31.271"></status>
</kw>
<kw name="Element Should Contain" library="SeleniumLibrary">
<doc>Verifies that element ``locator`` contains text ``expected``.</doc>
<arguments>
<arg>${txt_error}</arg>
<arg>${error_msg}</arg>
</arguments>
<msg timestamp="20210204 13:18:31.320" level="INFO">Element 'xpath://*[@id="login_button_container"]/div/form/h3' contains text 'Epic sadface: Username and password do not match any user in this service'.</msg>
<status status="PASS" starttime="20210204 13:18:31.271" endtime="20210204 13:18:31.320"></status>
</kw>
<status status="PASS" starttime="20210204 13:18:30.032" endtime="20210204 13:18:31.320"></status>
</kw>
<status status="PASS" starttime="20210204 13:18:30.031" endtime="20210204 13:18:31.321" critical="yes"></status>
</test>
<test id="s1-t6" name="Verify Login Fails with Invalid Creds">
<kw name="Invalid Login Scenarios">
<arguments>
<arg>standard_us</arg>
<arg>secret_sa</arg>
<arg>Epic sadface: Username and password do not match any user in this service</arg>
</arguments>
<kw name="Input Text" library="SeleniumLibrary">
<doc>Types the given ``text`` into the text field identified by ``locator``.</doc>
<arguments>
<arg>${textbox_username}</arg>
<arg>${username}</arg>
</arguments>
<msg timestamp="20210204 13:18:31.328" level="INFO">Typing text 'standard_us' into text field 'id:user-name'.</msg>
<status status="PASS" starttime="20210204 13:18:31.327" endtime="20210204 13:18:31.427"></status>
</kw>
<kw name="Input Text" library="SeleniumLibrary">
<doc>Types the given ``text`` into the text field identified by ``locator``.</doc>
<arguments>
<arg>${textbox_password}</arg>
<arg>${password}</arg>
</arguments>
<msg timestamp="20210204 13:18:31.427" level="INFO">Typing text 'secret_sa' into text field 'id:password'.</msg>
<status status="PASS" starttime="20210204 13:18:31.427" endtime="20210204 13:18:31.501"></status>
</kw>
<kw name="Click Button" library="SeleniumLibrary">
<doc>Clicks the button identified by ``locator``.</doc>
<arguments>
<arg>${btn_login}</arg>
</arguments>
<msg timestamp="20210204 13:18:31.502" level="INFO">Clicking button 'xpath://input[@id='login-button']'.</msg>
<status status="PASS" starttime="20210204 13:18:31.501" endtime="20210204 13:18:31.538"></status>
</kw>
<kw name="Sleep" library="BuiltIn">
<doc>Pauses the test executed for the given time.</doc>
<arguments>
<arg>1s</arg>
</arguments>
<msg timestamp="20210204 13:18:32.540" level="INFO">Slept 1 second</msg>
<status status="PASS" starttime="20210204 13:18:31.538" endtime="20210204 13:18:32.541"></status>
</kw>
<kw name="Element Should Contain" library="SeleniumLibrary">
<doc>Verifies that element ``locator`` contains text ``expected``.</doc>
<arguments>
<arg>${txt_error}</arg>
<arg>${error_msg}</arg>
</arguments>
<msg timestamp="20210204 13:18:32.587" level="INFO">Element 'xpath://*[@id="login_button_container"]/div/form/h3' contains text 'Epic sadface: Username and password do not match any user in this service'.</msg>
<status status="PASS" starttime="20210204 13:18:32.546" endtime="20210204 13:18:32.588"></status>
</kw>
<status status="PASS" starttime="20210204 13:18:31.326" endtime="20210204 13:18:32.588"></status>
</kw>
<status status="PASS" starttime="20210204 13:18:31.325" endtime="20210204 13:18:32.589" critical="yes"></status>
</test>
<kw name="Finish TestCase" library="DDTcommon" type="teardown">
<kw name="Close Browser" library="SeleniumLibrary">
<doc>Closes the current browser.</doc>
<status status="PASS" starttime="20210204 13:18:32.592" endtime="20210204 13:18:34.725"></status>
</kw>
<status status="PASS" starttime="20210204 13:18:32.592" endtime="20210204 13:18:34.725"></status>
</kw>
<status status="PASS" starttime="20210204 13:18:19.477" endtime="20210204 13:18:34.725"></status>
</suite>
<statistics>
<total>
<stat pass="6" fail="0">Critical Tests</stat>
<stat pass="6" fail="0">All Tests</stat>
</total>
<tag>
</tag>
<suite>
<stat pass="6" fail="0" id="s1" name="42learnDDTXLS">42learnDDTXLS</stat>
</suite>
</statistics>
<errors>
<msg timestamp="20210204 13:18:26.302" level="WARN">Multiple test cases with name 'Verify Login Fails with Invalid Creds' executed in test suite '42learnDDTXLS'.</msg>
<msg timestamp="20210204 13:18:27.509" level="WARN">Multiple test cases with name 'Verify Login Fails with Invalid Creds' executed in test suite '42learnDDTXLS'.</msg>
<msg timestamp="20210204 13:18:28.757" level="WARN">Multiple test cases with name 'Verify Login Fails with Invalid Creds' executed in test suite '42learnDDTXLS'.</msg>
<msg timestamp="20210204 13:18:30.031" level="WARN">Multiple test cases with name 'Verify Login Fails with Invalid Creds' executed in test suite '42learnDDTXLS'.</msg>
<msg timestamp="20210204 13:18:31.324" level="WARN">Multiple test cases with name 'Verify Login Fails with Invalid Creds' executed in test suite '42learnDDTXLS'.</msg>
</errors>
</robot>
